skytech/build/intermediates/manifest_merge_blame_file/debug/manifest-merger-blame-debug-report.txt
1<?xml version="1.0" encoding="utf-8"?>
2<manifest xmlns:android="http://schemas.android.com/apk/res/android"
3    xmlns:tools="http://schemas.android.com/tools"
4    package="com.skytech" >
5
6    <uses-sdk
7        android:minSdkVersion="23"
7-->src/main/AndroidManifest.xml
8        android:targetSdkVersion="30" />
8-->src/main/AndroidManifest.xml
9
10    <uses-permission android:name="android.permission.ACCESS_NETWORK_STATE" />
10-->src/main/AndroidManifest.xml:6:5-79
10-->src/main/AndroidManifest.xml:6:22-76
11    <uses-permission android:name="android.permission.WRITE_EXTERNAL_STORAGE" />
11-->src/main/AndroidManifest.xml:7:5-81
11-->src/main/AndroidManifest.xml:7:22-78
12    <uses-permission android:name="android.permission.READ_EXTERNAL_STORAGE" />
12-->src/main/AndroidManifest.xml:8:5-80
12-->src/main/AndroidManifest.xml:8:22-77
13
14    <queries>
14-->src/main/AndroidManifest.xml:10:5-12:15
15        <package android:name="com.android.chrome" />
15-->src/main/AndroidManifest.xml:11:9-54
15-->src/main/AndroidManifest.xml:11:18-51
16    </queries>
17
18    <application>
18-->src/main/AndroidManifest.xml:14:5-19:19
19        <activity
19-->src/main/AndroidManifest.xml:15:9-18:40
20            android:name="com.skytech.SkyTechActivity"
20-->src/main/AndroidManifest.xml:16:13-44
21            android:exported="false"
21-->src/main/AndroidManifest.xml:18:13-37
22            android:launchMode="singleTop" />
22-->src/main/AndroidManifest.xml:17:13-43
23    </application>
24
25</manifest>